<?xml version="1.0" encoding="UTF-8"?>
<!-- Generated by org.testng.reporters.JUnitReportReporter -->
<testsuite hostname="Gautham" failures="0" tests="2" name="testNG.Test_1_AlphabetiacalOrder" time="7.185" errors="0" timestamp="2023-08-03T04:33:31 GMT-07:00" skipped="0">
  <testcase classname="testNG.Test_1_AlphabetiacalOrder" name="twitter" time="4.903"/>
  <system-out/>
  <testcase classname="testNG.Test_1_AlphabetiacalOrder" name="f" time="2.282"/>
  <system-out/>
</testsuite> <!-- testNG.Test_1_AlphabetiacalOrder -->
